<?xml version="1.0" encoding="UTF-8"?>
<testng-results total="0" passed="0" failed="0" skipped="0">
  <reporter-output>
  </reporter-output>
  <suite started-at="2020-08-07T23:36:12Z" name="TestCompra" finished-at="2020-08-07T23:36:12Z" duration-ms="5">
    <groups>
    </groups>
    <test started-at="2020-08-07T23:36:12Z" name="Command line test" finished-at="2020-08-07T23:36:12Z" duration-ms="5">
    </test> <!-- Command line test -->
  </suite> <!-- TestCompra -->
</testng-results>
